VirtualBox COM Server 5.2.36 r135684 win.amd64 (Feb 23 2020 13:36:23) release log
00:00:00.002991 main     Log opened 2021-01-05T08:33:57.201187500Z
00:00:00.002991 main     Build Type: release
00:00:00.002991 main     OS Product: Windows 10
00:00:00.002991 main     OS Release: 10.0.18363
00:00:00.002991 main     OS Service Pack: 
00:00:00.028921 main     DMI Product Name: X456URK
00:00:00.041886 main     DMI Product Version: 1.0       
00:00:00.041886 main     Host RAM: 8063MB (7.8GB) total, 3596MB (3.5GB) available
00:00:00.041886 main     Executable: C:\Program Files (x86)\Bignox\BigNoxVM\RT\NoxVMSVC.exe
00:00:00.041886 main     Process ID: 12128
00:00:00.041886 main     Package type: WINDOWS_64BITS_GENERIC (OSE)
00:00:00.114699          VirtualBox: object creation starts
00:00:00.115689          Home directory: 'C:\Users\R154NG\.BigNox'
00:00:00.115689          Installed Drivers:
00:00:00.124663            C:\Windows\system32\DRIVERS\VBoxUSBMon.sys (Version: 6.1.12.39181)
00:00:00.124663            C:\Windows\system32\DRIVERS\VBoxDrv.sys (Version: 6.1.12.39181)
00:00:00.126658            C:\Windows\system32\DRIVERS\VBoxNetAdp6.sys (Version: 6.1.12.39181)
00:00:00.133640          Loading settings file "C:\Users\R154NG\.BigNox\BigNoxVM.xml" with version "1.12-windows"
00:00:00.134638          usbLibGetDevices: Starting USB device enumeration
00:00:00.136632          Getting USB descriptor (id 0) failed (dwErr=31) on hub USB#ROOT_HUB30#4&152da58&0&0#{f18a0e88-c30c-11d0-8815-00a0c906bed8} port 6
00:00:00.136632          Getting USB descriptor (id 0) failed (dwErr=31) on hub USB#ROOT_HUB30#4&152da58&0&0#{f18a0e88-c30c-11d0-8815-00a0c906bed8} port 8
00:00:00.137629          usbLibGetDevices: Found 3 USB devices, 0 captured
00:00:00.137629          USB: Unknown USB device detected (idVendor: 0x0000, idProduct: 0x0538)
00:00:00.137629          USB: Unknown USB device detected (idVendor: 0x0bda, idProduct: 0x57de)
00:00:00.137629          USB: Unknown USB device detected (idVendor: 0x13d3, idProduct: 0x3490)
00:00:00.217417          netIfGetBoundAdapters: could not find either 'oracle_VBoxNetLwf' or 'sun_VBoxNetFlt' components (0x1)
00:00:00.231379          HostDnsMonitor::updateInfo
00:00:00.231379          HostDnsMonitor: old information
00:00:00.231379            no server entries
00:00:00.231379            no domain set
00:00:00.231379            no search string entries
00:00:00.231379          HostDnsMonitor: new information
00:00:00.231379            server 1: 118.98.44.100
00:00:00.231379            server 2: 118.98.44.10
00:00:00.231379            no domain set
00:00:00.231379            no search string entries
00:00:00.234371          VD: VDInit finished with VINF_SUCCESS
00:00:00.234371          ERROR [COM]: aRC=E_FAIL (0x80004005) aIID={88888888-495e-5a36-8890-29999b5f030c} aComponent={SystemPropertiesWrap} aText={Cannot determine default Guest Additions ISO location. Most likely they are not available}, preserve=false aResultDetail=0
00:00:00.236366          Loading settings file "D:\Program Files\Nox\bin\data\base5\base5.vbox" with version "1.15-windows"
00:00:00.239357          Loading settings file "D:\Program Files\Nox\bin\BignoxVMS\nox\nox.vbox" with version "1.15-windows"
00:00:00.241353          VirtualBox: object created
00:00:00.465751          Saving settings file "D:\Program Files\Nox\bin\BignoxVMS\nox\nox.vbox" with version "1.15-windows"
00:00:00.534568          Saving settings file "D:\Program Files\Nox\bin\BignoxVMS\nox\nox.vbox" with version "1.15-windows"
00:00:00.603633          Saving settings file "D:\Program Files\Nox\bin\BignoxVMS\nox\nox.vbox" with version "1.15-windows"
00:00:00.683519          Saving settings file "D:\Program Files\Nox\bin\BignoxVMS\nox\nox.vbox" with version "1.15-windows"
00:00:00.761515          Saving settings file "D:\Program Files\Nox\bin\BignoxVMS\nox\nox.vbox" with version "1.15-windows"
00:00:00.849334          Saving settings file "D:\Program Files\Nox\bin\BignoxVMS\nox\nox.vbox" with version "1.15-windows"
00:00:00.934555          Saving settings file "D:\Program Files\Nox\bin\BignoxVMS\nox\nox.vbox" with version "1.15-windows"
00:00:01.028775          Saving settings file "D:\Program Files\Nox\bin\BignoxVMS\nox\nox.vbox" with version "1.15-windows"
00:00:01.127289          Saving settings file "D:\Program Files\Nox\bin\BignoxVMS\nox\nox.vbox" with version "1.15-windows"
00:00:01.224334          Saving settings file "D:\Program Files\Nox\bin\BignoxVMS\nox\nox.vbox" with version "1.15-windows"
00:00:01.303122          Saving settings file "D:\Program Files\Nox\bin\BignoxVMS\nox\nox.vbox" with version "1.15-windows"
00:00:32.809477          netIfGetBoundAdapters: could not find either 'oracle_VBoxNetLwf' or 'sun_VBoxNetFlt' components (0x1)
00:02:15.753523          Saving settings file "D:\Program Files\Nox\bin\BignoxVMS\nox\nox.vbox" with version "1.15-windows"
00:02:21.464664 main     VirtualBox: object deletion starts
00:02:21.464664 main     ERROR [COM]: aRC=VBOX_E_OBJECT_IN_USE (0x80bb000c) aIID={88888888-43e0-e9d0-82e8-ceb307940dda} aComponent={MediumWrap} aText={Medium 'D:\Program Files\Nox\bin\data\base5\Snapshots/{8cd57098-18a6-4582-8763-a89a1007475c}.vmdk' cannot be closed because it is still attached to 1 virtual machines}, preserve=false aResultDetail=0
00:02:21.464664 main     ERROR [COM]: aRC=VBOX_E_OBJECT_IN_USE (0x80bb000c) aIID={88888888-43e0-e9d0-82e8-ceb307940dda} aComponent={MediumWrap} aText={Medium 'D:\Program Files\Nox\bin\BignoxVMS\nox\Snapshots\{800a77d3-62b3-47cc-b275-472ab2e016af}.vmdk' cannot be closed because it is still attached to 1 virtual machines}, preserve=false aResultDetail=0
00:02:21.464664 main     ERROR [COM]: aRC=VBOX_E_OBJECT_IN_USE (0x80bb000c) aIID={88888888-43e0-e9d0-82e8-ceb307940dda} aComponent={MediumWrap} aText={Medium 'D:\Program Files\Nox\bin\data\base5\base5-disk1.vmdk' cannot be closed because it is still attached to 1 virtual machines}, preserve=false aResultDetail=0
00:02:21.464664 main     ERROR [COM]: aRC=VBOX_E_OBJECT_IN_USE (0x80bb000c) aIID={88888888-43e0-e9d0-82e8-ceb307940dda} aComponent={MediumWrap} aText={Medium 'D:\Program Files\Nox\bin\BignoxVMS\nox\nox-disk2.vmdk' cannot be closed because it is still attached to 1 virtual machines}, preserve=false aResultDetail=0
00:02:21.464664 Watcher  ERROR [COM]: aRC=E_ACCESSDENIED (0x80070005) aIID={88888888-f1a1-448a-10c5-e12f5285adad} aComponent={VirtualBoxWrap} aText={The object is not ready}, preserve=false aResultDetail=0
00:02:21.464664 main     VirtualBox: object deleted
